Determining if the Q_WS_WIN exist failed with the following output:
Change Dir: /home/ga63xaf/angelina/build/CMakeFiles/CMakeTmp

Run Build Command:/usr/bin/make "cmTryCompileExec2308816507/fast"
/usr/bin/make -f CMakeFiles/cmTryCompileExec2308816507.dir/build.make CMakeFiles/cmTryCompileExec2308816507.dir/build
make[1]: Entering directory `/home/ga63xaf/angelina/build/CMakeFiles/CMakeTmp'
/usr/bin/cmake -E cmake_progress_report /home/ga63xaf/angelina/build/CMakeFiles/CMakeTmp/CMakeFiles 1
Building CXX object CMakeFiles/cmTryCompileExec2308816507.dir/CheckSymbolExists.cxx.o
/usr/bin/c++    -I/usr/include/qt4    -o CMakeFiles/cmTryCompileExec2308816507.dir/CheckSymbolExists.cxx.o -c /home/ga63xaf/angelina/build/CMakeFiles/CMakeTmp/CheckSymbolExists.cxx
/home/ga63xaf/angelina/build/CMakeFiles/CMakeTmp/CheckSymbolExists.cxx: In function ‘int main(int, char**)’:
/home/ga63xaf/angelina/build/CMakeFiles/CMakeTmp/CheckSymbolExists.cxx:8:19: error: ‘Q_WS_WIN’ was not declared in this scope
   return ((int*)(&Q_WS_WIN))[argc];
                   ^
make[1]: *** [CMakeFiles/cmTryCompileExec2308816507.dir/CheckSymbolExists.cxx.o] Error 1
make[1]: Leaving directory `/home/ga63xaf/angelina/build/CMakeFiles/CMakeTmp'
make: *** [cmTryCompileExec2308816507/fast] Error 2

File /home/ga63xaf/angelina/build/CMakeFiles/CMakeTmp/CheckSymbolExists.cxx:
/* */
#include <QtCore/qglobal.h>

int main(int argc, char** argv)
{
  (void)argv;
#ifndef Q_WS_WIN
  return ((int*)(&Q_WS_WIN))[argc];
#else
  (void)argc;
  return 0;
#endif
}

Determining if the Q_WS_QWS exist failed with the following output:
Change Dir: /home/ga63xaf/angelina/build/CMakeFiles/CMakeTmp

Run Build Command:/usr/bin/make "cmTryCompileExec4091991476/fast"
/usr/bin/make -f CMakeFiles/cmTryCompileExec4091991476.dir/build.make CMakeFiles/cmTryCompileExec4091991476.dir/build
make[1]: Entering directory `/home/ga63xaf/angelina/build/CMakeFiles/CMakeTmp'
/usr/bin/cmake -E cmake_progress_report /home/ga63xaf/angelina/build/CMakeFiles/CMakeTmp/CMakeFiles 1
Building CXX object CMakeFiles/cmTryCompileExec4091991476.dir/CheckSymbolExists.cxx.o
/usr/bin/c++    -I/usr/include/qt4    -o CMakeFiles/cmTryCompileExec4091991476.dir/CheckSymbolExists.cxx.o -c /home/ga63xaf/angelina/build/CMakeFiles/CMakeTmp/CheckSymbolExists.cxx
/home/ga63xaf/angelina/build/CMakeFiles/CMakeTmp/CheckSymbolExists.cxx: In function ‘int main(int, char**)’:
/home/ga63xaf/angelina/build/CMakeFiles/CMakeTmp/CheckSymbolExists.cxx:8:19: error: ‘Q_WS_QWS’ was not declared in this scope
   return ((int*)(&Q_WS_QWS))[argc];
                   ^
make[1]: *** [CMakeFiles/cmTryCompileExec4091991476.dir/CheckSymbolExists.cxx.o] Error 1
make[1]: Leaving directory `/home/ga63xaf/angelina/build/CMakeFiles/CMakeTmp'
make: *** [cmTryCompileExec4091991476/fast] Error 2

File /home/ga63xaf/angelina/build/CMakeFiles/CMakeTmp/CheckSymbolExists.cxx:
/* */
#include <QtCore/qglobal.h>

int main(int argc, char** argv)
{
  (void)argv;
#ifndef Q_WS_QWS
  return ((int*)(&Q_WS_QWS))[argc];
#else
  (void)argc;
  return 0;
#endif
}

Determining if the Q_WS_MAC exist failed with the following output:
Change Dir: /home/ga63xaf/angelina/build/CMakeFiles/CMakeTmp

Run Build Command:/usr/bin/make "cmTryCompileExec469950172/fast"
/usr/bin/make -f CMakeFiles/cmTryCompileExec469950172.dir/build.make CMakeFiles/cmTryCompileExec469950172.dir/build
make[1]: Entering directory `/home/ga63xaf/angelina/build/CMakeFiles/CMakeTmp'
/usr/bin/cmake -E cmake_progress_report /home/ga63xaf/angelina/build/CMakeFiles/CMakeTmp/CMakeFiles 1
Building CXX object CMakeFiles/cmTryCompileExec469950172.dir/CheckSymbolExists.cxx.o
/usr/bin/c++    -I/usr/include/qt4    -o CMakeFiles/cmTryCompileExec469950172.dir/CheckSymbolExists.cxx.o -c /home/ga63xaf/angelina/build/CMakeFiles/CMakeTmp/CheckSymbolExists.cxx
/home/ga63xaf/angelina/build/CMakeFiles/CMakeTmp/CheckSymbolExists.cxx: In function ‘int main(int, char**)’:
/home/ga63xaf/angelina/build/CMakeFiles/CMakeTmp/CheckSymbolExists.cxx:8:19: error: ‘Q_WS_MAC’ was not declared in this scope
   return ((int*)(&Q_WS_MAC))[argc];
                   ^
make[1]: *** [CMakeFiles/cmTryCompileExec469950172.dir/CheckSymbolExists.cxx.o] Error 1
make[1]: Leaving directory `/home/ga63xaf/angelina/build/CMakeFiles/CMakeTmp'
make: *** [cmTryCompileExec469950172/fast] Error 2

File /home/ga63xaf/angelina/build/CMakeFiles/CMakeTmp/CheckSymbolExists.cxx:
/* */
#include <QtCore/qglobal.h>

int main(int argc, char** argv)
{
  (void)argv;
#ifndef Q_WS_MAC
  return ((int*)(&Q_WS_MAC))[argc];
#else
  (void)argc;
  return 0;
#endif
}

